{"C:\\Users\\hermi\\Documents\\OpenClassrooms\\Projet 4 - Testez et améliorez une application full-stack JS\\yoga-studio-manager\\backend\\src\\app.ts": {"path":"C:\\Users\\hermi\\Documents\\OpenClassrooms\\Projet 4 - Testez et améliorez une application full-stack JS\\yoga-studio-manager\\backend\\src\\app.ts","statementMap":{"0":{"start":{"line":7,"column":0},"end":{"line":7,"column":null}},"1":{"start":{"line":9,"column":6},"end":{"line":9,"column":null}},"2":{"start":{"line":12,"column":0},"end":{"line":12,"column":null}},"3":{"start":{"line":13,"column":0},"end":{"line":13,"column":null}},"4":{"start":{"line":14,"column":0},"end":{"line":14,"column":null}},"5":{"start":{"line":17,"column":0},"end":{"line":17,"column":null}},"6":{"start":{"line":20,"column":0},"end":{"line":22,"column":null}},"7":{"start":{"line":21,"column":2},"end":{"line":21,"column":null}},"8":{"start":{"line":25,"column":0},"end":{"line":25,"column":null}}},"fnMap":{"0":{"name":"(anonymous_0)","decl":{"start":{"line":20,"column":8},"end":{"line":20,"column":24}},"loc":{"start":{"line":20,"column":37},"end":{"line":22,"column":1}},"line":20}},"branchMap":{},"s":{"0":4,"1":4,"2":4,"3":4,"4":4,"5":4,"6":4,"7":0,"8":4},"f":{"0":0},"b":{},"meta":{"lastBranch":0,"lastFunction":1,"lastStatement":9,"seen":{"s:7:0:7:Infinity":0,"s:9:6:9:Infinity":1,"s:12:0:12:Infinity":2,"s:13:0:13:Infinity":3,"s:14:0:14:Infinity":4,"s:17:0:17:Infinity":5,"s:20:0:22:Infinity":6,"f:20:8:20:24":0,"s:21:2:21:Infinity":7,"s:25:0:25:Infinity":8},"fnNames":{}}}
,"C:\\Users\\hermi\\Documents\\OpenClassrooms\\Projet 4 - Testez et améliorez une application full-stack JS\\yoga-studio-manager\\backend\\src\\auth\\auth.controller.ts": {"path":"C:\\Users\\hermi\\Documents\\OpenClassrooms\\Projet 4 - Testez et améliorez une application full-stack JS\\yoga-studio-manager\\backend\\src\\auth\\auth.controller.ts","statementMap":{"0":{"start":{"line":8,"column":31},"end":{"line":8,"column":57}},"1":{"start":{"line":11,"column":19},"end":{"line":11,"column":null}},"2":{"start":{"line":12,"column":21},"end":{"line":12,"column":null}},"3":{"start":{"line":13,"column":4},"end":{"line":13,"column":null}},"4":{"start":{"line":17,"column":40},"end":{"line":20,"column":null}},"5":{"start":{"line":21,"column":21},"end":{"line":26,"column":null}},"6":{"start":{"line":27,"column":4},"end":{"line":27,"column":null}}},"fnMap":{"0":{"name":"constructor","decl":{"start":{"line":8,"column":2},"end":{"line":8,"column":14}},"loc":{"start":{"line":8,"column":57},"end":{"line":8,"column":null}},"line":8},"1":{"name":"login","decl":{"start":{"line":10,"column":8},"end":{"line":10,"column":14}},"loc":{"start":{"line":10,"column":58},"end":{"line":14,"column":null}},"line":10},"2":{"name":"register","decl":{"start":{"line":16,"column":8},"end":{"line":16,"column":17}},"loc":{"start":{"line":16,"column":61},"end":{"line":28,"column":null}},"line":16}},"branchMap":{},"s":{"0":4,"1":4,"2":4,"3":1,"4":3,"5":3,"6":1},"f":{"0":4,"1":4,"2":3},"b":{},"meta":{"lastBranch":0,"lastFunction":3,"lastStatement":7,"seen":{"f:8:2:8:14":0,"s:8:31:8:57":0,"f:10:8:10:14":1,"s:11:19:11:Infinity":1,"s:12:21:12:Infinity":2,"s:13:4:13:Infinity":3,"f:16:8:16:17":2,"s:17:40:20:Infinity":4,"s:21:21:26:Infinity":5,"s:27:4:27:Infinity":6},"fnNames":{}}}
,"C:\\Users\\hermi\\Documents\\OpenClassrooms\\Projet 4 - Testez et améliorez une application full-stack JS\\yoga-studio-manager\\backend\\src\\auth\\auth.service.ts": {"path":"C:\\Users\\hermi\\Documents\\OpenClassrooms\\Projet 4 - Testez et améliorez une application full-stack JS\\yoga-studio-manager\\backend\\src\\auth\\auth.service.ts","statementMap":{"0":{"start":{"line":8,"column":31},"end":{"line":8,"column":63}},"1":{"start":{"line":11,"column":17},"end":{"line":11,"column":null}},"2":{"start":{"line":12,"column":4},"end":{"line":12,"column":null}},"3":{"start":{"line":12,"column":15},"end":{"line":12,"column":null}},"4":{"start":{"line":14,"column":28},"end":{"line":14,"column":null}},"5":{"start":{"line":15,"column":4},"end":{"line":15,"column":null}},"6":{"start":{"line":15,"column":26},"end":{"line":15,"column":null}},"7":{"start":{"line":17,"column":10},"end":{"line":17,"column":null}},"8":{"start":{"line":19,"column":38},"end":{"line":26,"column":null}},"9":{"start":{"line":28,"column":4},"end":{"line":28,"column":null}},"10":{"start":{"line":37,"column":25},"end":{"line":37,"column":null}},"11":{"start":{"line":38,"column":4},"end":{"line":38,"column":null}},"12":{"start":{"line":38,"column":22},"end":{"line":38,"column":null}},"13":{"start":{"line":40,"column":27},"end":{"line":40,"column":null}},"14":{"start":{"line":42,"column":17},"end":{"line":48,"column":null}},"15":{"start":{"line":50,"column":10},"end":{"line":50,"column":null}},"16":{"start":{"line":52,"column":38},"end":{"line":59,"column":null}},"17":{"start":{"line":61,"column":4},"end":{"line":61,"column":null}}},"fnMap":{"0":{"name":"constructor","decl":{"start":{"line":8,"column":2},"end":{"line":8,"column":14}},"loc":{"start":{"line":8,"column":63},"end":{"line":8,"column":null}},"line":8},"1":{"name":"login","decl":{"start":{"line":10,"column":8},"end":{"line":10,"column":14}},"loc":{"start":{"line":10,"column":73},"end":{"line":29,"column":null}},"line":10},"2":{"name":"register","decl":{"start":{"line":31,"column":8},"end":{"line":31,"column":null}},"loc":{"start":{"line":36,"column":30},"end":{"line":62,"column":null}},"line":36}},"branchMap":{"0":{"loc":{"start":{"line":12,"column":4},"end":{"line":12,"column":null}},"type":"if","locations":[{"start":{"line":12,"column":4},"end":{"line":12,"column":null}},{"start":{},"end":{}}],"line":12},"1":{"loc":{"start":{"line":15,"column":4},"end":{"line":15,"column":null}},"type":"if","locations":[{"start":{"line":15,"column":4},"end":{"line":15,"column":null}},{"start":{},"end":{}}],"line":15},"2":{"loc":{"start":{"line":38,"column":4},"end":{"line":38,"column":null}},"type":"if","locations":[{"start":{"line":38,"column":4},"end":{"line":38,"column":null}},{"start":{},"end":{}}],"line":38}},"s":{"0":9,"1":6,"2":6,"3":2,"4":4,"5":4,"6":4,"7":2,"8":2,"9":2,"10":4,"11":4,"12":2,"13":2,"14":2,"15":2,"16":2,"17":2},"f":{"0":9,"1":6,"2":4},"b":{"0":[2,4],"1":[2,2],"2":[2,2]},"meta":{"lastBranch":3,"lastFunction":3,"lastStatement":18,"seen":{"f:8:2:8:14":0,"s:8:31:8:63":0,"f:10:8:10:14":1,"s:11:17:11:Infinity":1,"b:12:4:12:Infinity:undefined:undefined:undefined:undefined":0,"s:12:4:12:Infinity":2,"s:12:15:12:Infinity":3,"s:14:28:14:Infinity":4,"b:15:4:15:Infinity:undefined:undefined:undefined:undefined":1,"s:15:4:15:Infinity":5,"s:15:26:15:Infinity":6,"s:17:10:17:Infinity":7,"s:19:38:26:Infinity":8,"s:28:4:28:Infinity":9,"f:31:8:31:Infinity":2,"s:37:25:37:Infinity":10,"b:38:4:38:Infinity:undefined:undefined:undefined:undefined":2,"s:38:4:38:Infinity":11,"s:38:22:38:Infinity":12,"s:40:27:40:Infinity":13,"s:42:17:48:Infinity":14,"s:50:10:50:Infinity":15,"s:52:38:59:Infinity":16,"s:61:4:61:Infinity":17},"fnNames":{}}}
,"C:\\Users\\hermi\\Documents\\OpenClassrooms\\Projet 4 - Testez et améliorez une application full-stack JS\\yoga-studio-manager\\backend\\src\\common\\utils\\guards.ts": {"path":"C:\\Users\\hermi\\Documents\\OpenClassrooms\\Projet 4 - Testez et améliorez une application full-stack JS\\yoga-studio-manager\\backend\\src\\common\\utils\\guards.ts","statementMap":{"0":{"start":{"line":10,"column":2},"end":{"line":10,"column":null}},"1":{"start":{"line":10,"column":13},"end":{"line":10,"column":null}},"2":{"start":{"line":11,"column":2},"end":{"line":11,"column":null}},"3":{"start":{"line":11,"column":19},"end":{"line":11,"column":null}},"4":{"start":{"line":15,"column":17},"end":{"line":15,"column":null}},"5":{"start":{"line":16,"column":2},"end":{"line":18,"column":null}},"6":{"start":{"line":17,"column":4},"end":{"line":17,"column":null}},"7":{"start":{"line":20,"column":2},"end":{"line":20,"column":null}}},"fnMap":{"0":{"name":"assertIsAdmin","decl":{"start":{"line":9,"column":16},"end":{"line":9,"column":30}},"loc":{"start":{"line":9,"column":55},"end":{"line":12,"column":null}},"line":9},"1":{"name":"parseRequest","decl":{"start":{"line":14,"column":16},"end":{"line":14,"column":32}},"loc":{"start":{"line":14,"column":70},"end":{"line":21,"column":null}},"line":14}},"branchMap":{"0":{"loc":{"start":{"line":10,"column":2},"end":{"line":10,"column":null}},"type":"if","locations":[{"start":{"line":10,"column":2},"end":{"line":10,"column":null}},{"start":{},"end":{}}],"line":10},"1":{"loc":{"start":{"line":11,"column":2},"end":{"line":11,"column":null}},"type":"if","locations":[{"start":{"line":11,"column":2},"end":{"line":11,"column":null}},{"start":{},"end":{}}],"line":11},"2":{"loc":{"start":{"line":16,"column":2},"end":{"line":18,"column":null}},"type":"if","locations":[{"start":{"line":16,"column":2},"end":{"line":18,"column":null}},{"start":{},"end":{}}],"line":16}},"s":{"0":23,"1":4,"2":19,"3":19,"4":35,"5":35,"6":4,"7":31},"f":{"0":23,"1":35},"b":{"0":[4,19],"1":[7,12],"2":[4,31]},"meta":{"lastBranch":3,"lastFunction":2,"lastStatement":8,"seen":{"f:9:16:9:30":0,"b:10:2:10:Infinity:undefined:undefined:undefined:undefined":0,"s:10:2:10:Infinity":0,"s:10:13:10:Infinity":1,"b:11:2:11:Infinity:undefined:undefined:undefined:undefined":1,"s:11:2:11:Infinity":2,"s:11:19:11:Infinity":3,"f:14:16:14:32":1,"s:15:17:15:Infinity":4,"b:16:2:18:Infinity:undefined:undefined:undefined:undefined":2,"s:16:2:18:Infinity":5,"s:17:4:17:Infinity":6,"s:20:2:20:Infinity":7},"fnNames":{}}}
,"C:\\Users\\hermi\\Documents\\OpenClassrooms\\Projet 4 - Testez et améliorez une application full-stack JS\\yoga-studio-manager\\backend\\src\\common\\utils\\jwt.util.ts": {"path":"C:\\Users\\hermi\\Documents\\OpenClassrooms\\Projet 4 - Testez et améliorez une application full-stack JS\\yoga-studio-manager\\backend\\src\\common\\utils\\jwt.util.ts","statementMap":{"0":{"start":{"line":3,"column":19},"end":{"line":3,"column":null}},"1":{"start":{"line":10,"column":2},"end":{"line":10,"column":null}},"2":{"start":{"line":14,"column":2},"end":{"line":20,"column":null}},"3":{"start":{"line":15,"column":20},"end":{"line":15,"column":null}},"4":{"start":{"line":16,"column":4},"end":{"line":16,"column":null}},"5":{"start":{"line":16,"column":37},"end":{"line":16,"column":null}},"6":{"start":{"line":17,"column":4},"end":{"line":17,"column":null}},"7":{"start":{"line":19,"column":4},"end":{"line":19,"column":null}}},"fnMap":{"0":{"name":"generateToken","decl":{"start":{"line":9,"column":16},"end":{"line":9,"column":30}},"loc":{"start":{"line":9,"column":54},"end":{"line":11,"column":null}},"line":9},"1":{"name":"verifyToken","decl":{"start":{"line":13,"column":16},"end":{"line":13,"column":28}},"loc":{"start":{"line":13,"column":64},"end":{"line":21,"column":null}},"line":13}},"branchMap":{"0":{"loc":{"start":{"line":3,"column":19},"end":{"line":3,"column":null}},"type":"binary-expr","locations":[{"start":{"line":3,"column":19},"end":{"line":3,"column":45}},{"start":{"line":3,"column":45},"end":{"line":3,"column":null}}],"line":3},"1":{"loc":{"start":{"line":16,"column":4},"end":{"line":16,"column":null}},"type":"if","locations":[{"start":{"line":16,"column":4},"end":{"line":16,"column":null}},{"start":{},"end":{}}],"line":16}},"s":{"0":6,"1":9,"2":31,"3":31,"4":31,"5":0,"6":30,"7":1},"f":{"0":9,"1":31},"b":{"0":[6,6],"1":[0,31]},"meta":{"lastBranch":2,"lastFunction":2,"lastStatement":8,"seen":{"s:3:19:3:Infinity":0,"b:3:19:3:45:3:45:3:Infinity":0,"f:9:16:9:30":0,"s:10:2:10:Infinity":1,"f:13:16:13:28":1,"s:14:2:20:Infinity":2,"s:15:20:15:Infinity":3,"b:16:4:16:Infinity:undefined:undefined:undefined:undefined":1,"s:16:4:16:Infinity":4,"s:16:37:16:Infinity":5,"s:17:4:17:Infinity":6,"s:19:4:19:Infinity":7},"fnNames":{}}}
,"C:\\Users\\hermi\\Documents\\OpenClassrooms\\Projet 4 - Testez et améliorez une application full-stack JS\\yoga-studio-manager\\backend\\src\\middleware\\asyncHandler.ts": {"path":"C:\\Users\\hermi\\Documents\\OpenClassrooms\\Projet 4 - Testez et améliorez une application full-stack JS\\yoga-studio-manager\\backend\\src\\middleware\\asyncHandler.ts","statementMap":{"0":{"start":{"line":12,"column":2},"end":{"line":14,"column":null}},"1":{"start":{"line":13,"column":4},"end":{"line":13,"column":null}}},"fnMap":{"0":{"name":"asyncHandler","decl":{"start":{"line":9,"column":16},"end":{"line":9,"column":null}},"loc":{"start":{"line":11,"column":18},"end":{"line":15,"column":null}},"line":11},"1":{"name":"(anonymous_1)","decl":{"start":{"line":12,"column":2},"end":{"line":12,"column":10}},"loc":{"start":{"line":12,"column":29},"end":{"line":14,"column":null}},"line":12}},"branchMap":{},"s":{"0":56,"1":36},"f":{"0":56,"1":36},"b":{},"meta":{"lastBranch":0,"lastFunction":2,"lastStatement":2,"seen":{"f:9:16:9:Infinity":0,"s:12:2:14:Infinity":0,"f:12:2:12:10":1,"s:13:4:13:Infinity":1},"fnNames":{}}}
,"C:\\Users\\hermi\\Documents\\OpenClassrooms\\Projet 4 - Testez et améliorez une application full-stack JS\\yoga-studio-manager\\backend\\src\\middleware\\auth.middleware.ts": {"path":"C:\\Users\\hermi\\Documents\\OpenClassrooms\\Projet 4 - Testez et améliorez une application full-stack JS\\yoga-studio-manager\\backend\\src\\middleware\\auth.middleware.ts","statementMap":{"0":{"start":{"line":17,"column":21},"end":{"line":17,"column":null}},"1":{"start":{"line":19,"column":2},"end":{"line":21,"column":null}},"2":{"start":{"line":20,"column":4},"end":{"line":20,"column":null}},"3":{"start":{"line":23,"column":16},"end":{"line":23,"column":null}},"4":{"start":{"line":25,"column":2},"end":{"line":27,"column":null}},"5":{"start":{"line":26,"column":4},"end":{"line":26,"column":null}},"6":{"start":{"line":29,"column":8},"end":{"line":29,"column":null}},"7":{"start":{"line":31,"column":2},"end":{"line":33,"column":null}},"8":{"start":{"line":32,"column":4},"end":{"line":32,"column":null}},"9":{"start":{"line":35,"column":2},"end":{"line":35,"column":null}},"10":{"start":{"line":36,"column":2},"end":{"line":36,"column":null}}},"fnMap":{"0":{"name":"authMiddleware","decl":{"start":{"line":12,"column":16},"end":{"line":12,"column":null}},"loc":{"start":{"line":16,"column":2},"end":{"line":37,"column":null}},"line":16}},"branchMap":{"0":{"loc":{"start":{"line":19,"column":2},"end":{"line":21,"column":null}},"type":"if","locations":[{"start":{"line":19,"column":2},"end":{"line":21,"column":null}},{"start":{},"end":{}}],"line":19},"1":{"loc":{"start":{"line":25,"column":2},"end":{"line":27,"column":null}},"type":"if","locations":[{"start":{"line":25,"column":2},"end":{"line":27,"column":null}},{"start":{},"end":{}}],"line":25},"2":{"loc":{"start":{"line":31,"column":2},"end":{"line":33,"column":null}},"type":"if","locations":[{"start":{"line":31,"column":2},"end":{"line":33,"column":null}},{"start":{},"end":{}}],"line":31}},"s":{"0":44,"1":44,"2":13,"3":31,"4":31,"5":0,"6":31,"7":31,"8":1,"9":30,"10":30},"f":{"0":44},"b":{"0":[13,31],"1":[0,31],"2":[1,30]},"meta":{"lastBranch":3,"lastFunction":1,"lastStatement":11,"seen":{"f:12:16:12:Infinity":0,"s:17:21:17:Infinity":0,"b:19:2:21:Infinity:undefined:undefined:undefined:undefined":0,"s:19:2:21:Infinity":1,"s:20:4:20:Infinity":2,"s:23:16:23:Infinity":3,"b:25:2:27:Infinity:undefined:undefined:undefined:undefined":1,"s:25:2:27:Infinity":4,"s:26:4:26:Infinity":5,"s:29:8:29:Infinity":6,"b:31:2:33:Infinity:undefined:undefined:undefined:undefined":2,"s:31:2:33:Infinity":7,"s:32:4:32:Infinity":8,"s:35:2:35:Infinity":9,"s:36:2:36:Infinity":10},"fnNames":{}}}
,"C:\\Users\\hermi\\Documents\\OpenClassrooms\\Projet 4 - Testez et améliorez une application full-stack JS\\yoga-studio-manager\\backend\\src\\middleware\\errorHandler.ts": {"path":"C:\\Users\\hermi\\Documents\\OpenClassrooms\\Projet 4 - Testez et améliorez une application full-stack JS\\yoga-studio-manager\\backend\\src\\middleware\\errorHandler.ts","statementMap":{"0":{"start":{"line":10,"column":2},"end":{"line":10,"column":null}},"1":{"start":{"line":12,"column":2},"end":{"line":14,"column":null}},"2":{"start":{"line":13,"column":4},"end":{"line":13,"column":null}},"3":{"start":{"line":15,"column":2},"end":{"line":15,"column":null}}},"fnMap":{"0":{"name":"errorHandler","decl":{"start":{"line":4,"column":16},"end":{"line":4,"column":null}},"loc":{"start":{"line":9,"column":2},"end":{"line":16,"column":null}},"line":9}},"branchMap":{"0":{"loc":{"start":{"line":12,"column":2},"end":{"line":14,"column":null}},"type":"if","locations":[{"start":{"line":12,"column":2},"end":{"line":14,"column":null}},{"start":{},"end":{}}],"line":12}},"s":{"0":19,"1":19,"2":19,"3":0},"f":{"0":19},"b":{"0":[19,0]},"meta":{"lastBranch":1,"lastFunction":1,"lastStatement":4,"seen":{"f:4:16:4:Infinity":0,"s:10:2:10:Infinity":0,"b:12:2:14:Infinity:undefined:undefined:undefined:undefined":0,"s:12:2:14:Infinity":1,"s:13:4:13:Infinity":2,"s:15:2:15:Infinity":3},"fnNames":{}}}
,"C:\\Users\\hermi\\Documents\\OpenClassrooms\\Projet 4 - Testez et améliorez une application full-stack JS\\yoga-studio-manager\\backend\\src\\middleware\\errors.ts": {"path":"C:\\Users\\hermi\\Documents\\OpenClassrooms\\Projet 4 - Testez et améliorez une application full-stack JS\\yoga-studio-manager\\backend\\src\\middleware\\errors.ts","statementMap":{"0":{"start":{"line":6,"column":4},"end":{"line":6,"column":null}},"1":{"start":{"line":3,"column":11},"end":{"line":3,"column":null}},"2":{"start":{"line":7,"column":4},"end":{"line":7,"column":null}},"3":{"start":{"line":13,"column":4},"end":{"line":13,"column":null}},"4":{"start":{"line":19,"column":4},"end":{"line":19,"column":null}},"5":{"start":{"line":25,"column":4},"end":{"line":25,"column":null}},"6":{"start":{"line":31,"column":4},"end":{"line":31,"column":null}},"7":{"start":{"line":37,"column":4},"end":{"line":37,"column":null}}},"fnMap":{"0":{"name":"constructor","decl":{"start":{"line":2,"column":2},"end":{"line":2,"column":null}},"loc":{"start":{"line":5,"column":4},"end":{"line":8,"column":null}},"line":5},"1":{"name":"constructor_2","decl":{"start":{"line":12,"column":2},"end":{"line":12,"column":14}},"loc":{"start":{"line":12,"column":31},"end":{"line":14,"column":null}},"line":12},"2":{"name":"constructor_3","decl":{"start":{"line":18,"column":2},"end":{"line":18,"column":14}},"loc":{"start":{"line":18,"column":31},"end":{"line":20,"column":null}},"line":18},"3":{"name":"constructor_4","decl":{"start":{"line":24,"column":2},"end":{"line":24,"column":14}},"loc":{"start":{"line":24,"column":31},"end":{"line":26,"column":null}},"line":24},"4":{"name":"constructor_5","decl":{"start":{"line":30,"column":2},"end":{"line":30,"column":14}},"loc":{"start":{"line":30,"column":31},"end":{"line":32,"column":null}},"line":30},"5":{"name":"constructor_6","decl":{"start":{"line":36,"column":2},"end":{"line":36,"column":14}},"loc":{"start":{"line":36,"column":31},"end":{"line":38,"column":null}},"line":36}},"branchMap":{},"s":{"0":44,"1":44,"2":44,"3":4,"4":4,"5":10,"6":22,"7":4},"f":{"0":44,"1":4,"2":4,"3":10,"4":22,"5":4},"b":{},"meta":{"lastBranch":0,"lastFunction":6,"lastStatement":8,"seen":{"f:2:2:2:Infinity":0,"s:6:4:6:Infinity":0,"s:3:11:3:Infinity":1,"s:7:4:7:Infinity":2,"f:12:2:12:14":1,"s:13:4:13:Infinity":3,"f:18:2:18:14":2,"s:19:4:19:Infinity":4,"f:24:2:24:14":3,"s:25:4:25:Infinity":5,"f:30:2:30:14":4,"s:31:4:31:Infinity":6,"f:36:2:36:14":5,"s:37:4:37:Infinity":7},"fnNames":{}}}
,"C:\\Users\\hermi\\Documents\\OpenClassrooms\\Projet 4 - Testez et améliorez une application full-stack JS\\yoga-studio-manager\\backend\\src\\participation\\participation.repository.ts": {"path":"C:\\Users\\hermi\\Documents\\OpenClassrooms\\Projet 4 - Testez et améliorez une application full-stack JS\\yoga-studio-manager\\backend\\src\\participation\\participation.repository.ts","statementMap":{"0":{"start":{"line":4,"column":31},"end":{"line":4,"column":53}},"1":{"start":{"line":10,"column":4},"end":{"line":17,"column":null}},"2":{"start":{"line":21,"column":4},"end":{"line":26,"column":null}},"3":{"start":{"line":30,"column":4},"end":{"line":37,"column":null}}},"fnMap":{"0":{"name":"constructor","decl":{"start":{"line":4,"column":2},"end":{"line":4,"column":14}},"loc":{"start":{"line":4,"column":53},"end":{"line":4,"column":null}},"line":4},"1":{"name":"findOne","decl":{"start":{"line":6,"column":8},"end":{"line":6,"column":null}},"loc":{"start":{"line":9,"column":42},"end":{"line":18,"column":null}},"line":9},"2":{"name":"create","decl":{"start":{"line":20,"column":8},"end":{"line":20,"column":15}},"loc":{"start":{"line":20,"column":65},"end":{"line":27,"column":null}},"line":20},"3":{"name":"delete","decl":{"start":{"line":29,"column":8},"end":{"line":29,"column":15}},"loc":{"start":{"line":29,"column":65},"end":{"line":38,"column":null}},"line":29}},"branchMap":{},"s":{"0":4,"1":4,"2":1,"3":1},"f":{"0":4,"1":4,"2":1,"3":1},"b":{},"meta":{"lastBranch":0,"lastFunction":4,"lastStatement":4,"seen":{"f:4:2:4:14":0,"s:4:31:4:53":0,"f:6:8:6:Infinity":1,"s:10:4:17:Infinity":1,"f:20:8:20:15":2,"s:21:4:26:Infinity":2,"f:29:8:29:15":3,"s:30:4:37:Infinity":3},"fnNames":{}}}
,"C:\\Users\\hermi\\Documents\\OpenClassrooms\\Projet 4 - Testez et améliorez une application full-stack JS\\yoga-studio-manager\\backend\\src\\routes\\index.ts": {"path":"C:\\Users\\hermi\\Documents\\OpenClassrooms\\Projet 4 - Testez et améliorez une application full-stack JS\\yoga-studio-manager\\backend\\src\\routes\\index.ts","statementMap":{"0":{"start":{"line":22,"column":6},"end":{"line":22,"column":null}},"1":{"start":{"line":25,"column":23},"end":{"line":25,"column":null}},"2":{"start":{"line":26,"column":26},"end":{"line":26,"column":null}},"3":{"start":{"line":27,"column":26},"end":{"line":27,"column":null}},"4":{"start":{"line":28,"column":32},"end":{"line":28,"column":null}},"5":{"start":{"line":31,"column":20},"end":{"line":31,"column":null}},"6":{"start":{"line":32,"column":20},"end":{"line":32,"column":null}},"7":{"start":{"line":33,"column":23},"end":{"line":33,"column":null}},"8":{"start":{"line":34,"column":23},"end":{"line":39,"column":null}},"9":{"start":{"line":42,"column":23},"end":{"line":42,"column":null}},"10":{"start":{"line":43,"column":23},"end":{"line":43,"column":null}},"11":{"start":{"line":44,"column":26},"end":{"line":44,"column":null}},"12":{"start":{"line":45,"column":26},"end":{"line":45,"column":null}},"13":{"start":{"line":48,"column":0},"end":{"line":51,"column":null}},"14":{"start":{"line":50,"column":38},"end":{"line":50,"column":68}},"15":{"start":{"line":52,"column":0},"end":{"line":55,"column":null}},"16":{"start":{"line":54,"column":38},"end":{"line":54,"column":71}},"17":{"start":{"line":58,"column":0},"end":{"line":64,"column":null}},"18":{"start":{"line":62,"column":4},"end":{"line":62,"column":null}},"19":{"start":{"line":65,"column":0},"end":{"line":71,"column":null}},"20":{"start":{"line":69,"column":4},"end":{"line":69,"column":null}},"21":{"start":{"line":72,"column":0},"end":{"line":78,"column":null}},"22":{"start":{"line":76,"column":4},"end":{"line":76,"column":null}},"23":{"start":{"line":79,"column":0},"end":{"line":85,"column":null}},"24":{"start":{"line":83,"column":4},"end":{"line":83,"column":null}},"25":{"start":{"line":86,"column":0},"end":{"line":92,"column":null}},"26":{"start":{"line":90,"column":4},"end":{"line":90,"column":null}},"27":{"start":{"line":93,"column":0},"end":{"line":99,"column":null}},"28":{"start":{"line":97,"column":4},"end":{"line":97,"column":null}},"29":{"start":{"line":100,"column":0},"end":{"line":106,"column":null}},"30":{"start":{"line":104,"column":4},"end":{"line":104,"column":null}},"31":{"start":{"line":109,"column":0},"end":{"line":115,"column":null}},"32":{"start":{"line":113,"column":4},"end":{"line":113,"column":null}},"33":{"start":{"line":116,"column":0},"end":{"line":122,"column":null}},"34":{"start":{"line":120,"column":4},"end":{"line":120,"column":null}},"35":{"start":{"line":125,"column":0},"end":{"line":131,"column":null}},"36":{"start":{"line":129,"column":4},"end":{"line":129,"column":null}},"37":{"start":{"line":132,"column":0},"end":{"line":138,"column":null}},"38":{"start":{"line":136,"column":4},"end":{"line":136,"column":null}},"39":{"start":{"line":139,"column":0},"end":{"line":145,"column":null}},"40":{"start":{"line":143,"column":4},"end":{"line":143,"column":null}}},"fnMap":{"0":{"name":"(anonymous_0)","decl":{"start":{"line":50,"column":2},"end":{"line":50,"column":25}},"loc":{"start":{"line":50,"column":38},"end":{"line":50,"column":68}},"line":50},"1":{"name":"(anonymous_1)","decl":{"start":{"line":54,"column":2},"end":{"line":54,"column":25}},"loc":{"start":{"line":54,"column":38},"end":{"line":54,"column":71}},"line":54},"2":{"name":"(anonymous_2)","decl":{"start":{"line":61,"column":2},"end":{"line":61,"column":38}},"loc":{"start":{"line":62,"column":4},"end":{"line":62,"column":null}},"line":62},"3":{"name":"(anonymous_3)","decl":{"start":{"line":68,"column":2},"end":{"line":68,"column":38}},"loc":{"start":{"line":69,"column":4},"end":{"line":69,"column":null}},"line":69},"4":{"name":"(anonymous_4)","decl":{"start":{"line":75,"column":2},"end":{"line":75,"column":38}},"loc":{"start":{"line":76,"column":4},"end":{"line":76,"column":null}},"line":76},"5":{"name":"(anonymous_5)","decl":{"start":{"line":82,"column":2},"end":{"line":82,"column":38}},"loc":{"start":{"line":83,"column":4},"end":{"line":83,"column":null}},"line":83},"6":{"name":"(anonymous_6)","decl":{"start":{"line":89,"column":2},"end":{"line":89,"column":38}},"loc":{"start":{"line":90,"column":4},"end":{"line":90,"column":null}},"line":90},"7":{"name":"(anonymous_7)","decl":{"start":{"line":96,"column":2},"end":{"line":96,"column":38}},"loc":{"start":{"line":97,"column":4},"end":{"line":97,"column":null}},"line":97},"8":{"name":"(anonymous_8)","decl":{"start":{"line":103,"column":2},"end":{"line":103,"column":38}},"loc":{"start":{"line":104,"column":4},"end":{"line":104,"column":null}},"line":104},"9":{"name":"(anonymous_9)","decl":{"start":{"line":112,"column":2},"end":{"line":112,"column":38}},"loc":{"start":{"line":113,"column":4},"end":{"line":113,"column":null}},"line":113},"10":{"name":"(anonymous_10)","decl":{"start":{"line":119,"column":2},"end":{"line":119,"column":38}},"loc":{"start":{"line":120,"column":4},"end":{"line":120,"column":null}},"line":120},"11":{"name":"(anonymous_11)","decl":{"start":{"line":128,"column":2},"end":{"line":128,"column":38}},"loc":{"start":{"line":129,"column":4},"end":{"line":129,"column":null}},"line":129},"12":{"name":"(anonymous_12)","decl":{"start":{"line":135,"column":2},"end":{"line":135,"column":38}},"loc":{"start":{"line":136,"column":4},"end":{"line":136,"column":null}},"line":136},"13":{"name":"(anonymous_13)","decl":{"start":{"line":142,"column":2},"end":{"line":142,"column":38}},"loc":{"start":{"line":143,"column":4},"end":{"line":143,"column":null}},"line":143}},"branchMap":{},"s":{"0":4,"1":4,"2":4,"3":4,"4":4,"5":4,"6":4,"7":4,"8":4,"9":4,"10":4,"11":4,"12":4,"13":4,"14":4,"15":4,"16":3,"17":4,"18":2,"19":4,"20":2,"21":4,"22":4,"23":4,"24":3,"25":4,"26":3,"27":4,"28":3,"29":4,"30":2,"31":4,"32":2,"33":4,"34":2,"35":4,"36":2,"37":4,"38":2,"39":4,"40":2},"f":{"0":4,"1":3,"2":2,"3":2,"4":4,"5":3,"6":3,"7":3,"8":2,"9":2,"10":2,"11":2,"12":2,"13":2},"b":{},"meta":{"lastBranch":0,"lastFunction":14,"lastStatement":41,"seen":{"s:22:6:22:Infinity":0,"s:25:23:25:Infinity":1,"s:26:26:26:Infinity":2,"s:27:26:27:Infinity":3,"s:28:32:28:Infinity":4,"s:31:20:31:Infinity":5,"s:32:20:32:Infinity":6,"s:33:23:33:Infinity":7,"s:34:23:39:Infinity":8,"s:42:23:42:Infinity":9,"s:43:23:43:Infinity":10,"s:44:26:44:Infinity":11,"s:45:26:45:Infinity":12,"s:48:0:51:Infinity":13,"f:50:2:50:25":0,"s:50:38:50:68":14,"s:52:0:55:Infinity":15,"f:54:2:54:25":1,"s:54:38:54:71":16,"s:58:0:64:Infinity":17,"f:61:2:61:38":2,"s:62:4:62:Infinity":18,"s:65:0:71:Infinity":19,"f:68:2:68:38":3,"s:69:4:69:Infinity":20,"s:72:0:78:Infinity":21,"f:75:2:75:38":4,"s:76:4:76:Infinity":22,"s:79:0:85:Infinity":23,"f:82:2:82:38":5,"s:83:4:83:Infinity":24,"s:86:0:92:Infinity":25,"f:89:2:89:38":6,"s:90:4:90:Infinity":26,"s:93:0:99:Infinity":27,"f:96:2:96:38":7,"s:97:4:97:Infinity":28,"s:100:0:106:Infinity":29,"f:103:2:103:38":8,"s:104:4:104:Infinity":30,"s:109:0:115:Infinity":31,"f:112:2:112:38":9,"s:113:4:113:Infinity":32,"s:116:0:122:Infinity":33,"f:119:2:119:38":10,"s:120:4:120:Infinity":34,"s:125:0:131:Infinity":35,"f:128:2:128:38":11,"s:129:4:129:Infinity":36,"s:132:0:138:Infinity":37,"f:135:2:135:38":12,"s:136:4:136:Infinity":38,"s:139:0:145:Infinity":39,"f:142:2:142:38":13,"s:143:4:143:Infinity":40},"fnNames":{}}}
,"C:\\Users\\hermi\\Documents\\OpenClassrooms\\Projet 4 - Testez et améliorez une application full-stack JS\\yoga-studio-manager\\backend\\src\\session\\session.controller.ts": {"path":"C:\\Users\\hermi\\Documents\\OpenClassrooms\\Projet 4 - Testez et améliorez une application full-stack JS\\yoga-studio-manager\\backend\\src\\session\\session.controller.ts","statementMap":{"0":{"start":{"line":10,"column":31},"end":{"line":10,"column":63}},"1":{"start":{"line":13,"column":21},"end":{"line":13,"column":null}},"2":{"start":{"line":14,"column":4},"end":{"line":14,"column":null}},"3":{"start":{"line":18,"column":12},"end":{"line":18,"column":null}},"4":{"start":{"line":19,"column":21},"end":{"line":19,"column":null}},"5":{"start":{"line":20,"column":4},"end":{"line":20,"column":null}},"6":{"start":{"line":24,"column":37},"end":{"line":27,"column":null}},"7":{"start":{"line":29,"column":21},"end":{"line":35,"column":null}},"8":{"start":{"line":37,"column":4},"end":{"line":37,"column":null}},"9":{"start":{"line":41,"column":12},"end":{"line":41,"column":null}},"10":{"start":{"line":42,"column":37},"end":{"line":45,"column":null}},"11":{"start":{"line":47,"column":21},"end":{"line":54,"column":null}},"12":{"start":{"line":56,"column":4},"end":{"line":56,"column":null}},"13":{"start":{"line":60,"column":12},"end":{"line":60,"column":null}},"14":{"start":{"line":61,"column":4},"end":{"line":61,"column":null}},"15":{"start":{"line":62,"column":4},"end":{"line":62,"column":null}},"16":{"start":{"line":66,"column":16},"end":{"line":66,"column":null}},"17":{"start":{"line":67,"column":4},"end":{"line":67,"column":null}},"18":{"start":{"line":68,"column":4},"end":{"line":68,"column":null}},"19":{"start":{"line":72,"column":16},"end":{"line":72,"column":null}},"20":{"start":{"line":73,"column":4},"end":{"line":73,"column":null}},"21":{"start":{"line":74,"column":4},"end":{"line":74,"column":null}}},"fnMap":{"0":{"name":"constructor","decl":{"start":{"line":10,"column":2},"end":{"line":10,"column":14}},"loc":{"start":{"line":10,"column":63},"end":{"line":10,"column":null}},"line":10},"1":{"name":"getAll","decl":{"start":{"line":12,"column":8},"end":{"line":12,"column":15}},"loc":{"start":{"line":12,"column":72},"end":{"line":15,"column":null}},"line":12},"2":{"name":"getById","decl":{"start":{"line":17,"column":8},"end":{"line":17,"column":16}},"loc":{"start":{"line":17,"column":73},"end":{"line":21,"column":null}},"line":17},"3":{"name":"create","decl":{"start":{"line":23,"column":8},"end":{"line":23,"column":15}},"loc":{"start":{"line":23,"column":72},"end":{"line":38,"column":null}},"line":23},"4":{"name":"update","decl":{"start":{"line":40,"column":8},"end":{"line":40,"column":15}},"loc":{"start":{"line":40,"column":72},"end":{"line":57,"column":null}},"line":40},"5":{"name":"delete","decl":{"start":{"line":59,"column":8},"end":{"line":59,"column":15}},"loc":{"start":{"line":59,"column":72},"end":{"line":63,"column":null}},"line":59},"6":{"name":"participate","decl":{"start":{"line":65,"column":8},"end":{"line":65,"column":20}},"loc":{"start":{"line":65,"column":77},"end":{"line":69,"column":null}},"line":65},"7":{"name":"unparticipate","decl":{"start":{"line":71,"column":8},"end":{"line":71,"column":22}},"loc":{"start":{"line":71,"column":79},"end":{"line":75,"column":null}},"line":71}},"branchMap":{},"s":{"0":4,"1":2,"2":2,"3":2,"4":2,"5":1,"6":4,"7":4,"8":1,"9":3,"10":3,"11":3,"12":1,"13":3,"14":3,"15":1,"16":3,"17":3,"18":1,"19":2,"20":2,"21":1},"f":{"0":4,"1":2,"2":2,"3":4,"4":3,"5":3,"6":3,"7":2},"b":{},"meta":{"lastBranch":0,"lastFunction":8,"lastStatement":22,"seen":{"f:10:2:10:14":0,"s:10:31:10:63":0,"f:12:8:12:15":1,"s:13:21:13:Infinity":1,"s:14:4:14:Infinity":2,"f:17:8:17:16":2,"s:18:12:18:Infinity":3,"s:19:21:19:Infinity":4,"s:20:4:20:Infinity":5,"f:23:8:23:15":3,"s:24:37:27:Infinity":6,"s:29:21:35:Infinity":7,"s:37:4:37:Infinity":8,"f:40:8:40:15":4,"s:41:12:41:Infinity":9,"s:42:37:45:Infinity":10,"s:47:21:54:Infinity":11,"s:56:4:56:Infinity":12,"f:59:8:59:15":5,"s:60:12:60:Infinity":13,"s:61:4:61:Infinity":14,"s:62:4:62:Infinity":15,"f:65:8:65:20":6,"s:66:16:66:Infinity":16,"s:67:4:67:Infinity":17,"s:68:4:68:Infinity":18,"f:71:8:71:22":7,"s:72:16:72:Infinity":19,"s:73:4:73:Infinity":20,"s:74:4:74:Infinity":21},"fnNames":{}}}
,"C:\\Users\\hermi\\Documents\\OpenClassrooms\\Projet 4 - Testez et améliorez une application full-stack JS\\yoga-studio-manager\\backend\\src\\session\\session.repository.ts": {"path":"C:\\Users\\hermi\\Documents\\OpenClassrooms\\Projet 4 - Testez et améliorez une application full-stack JS\\yoga-studio-manager\\backend\\src\\session\\session.repository.ts","statementMap":{"0":{"start":{"line":9,"column":31},"end":{"line":9,"column":53}},"1":{"start":{"line":12,"column":4},"end":{"line":21,"column":null}},"2":{"start":{"line":25,"column":4},"end":{"line":35,"column":null}},"3":{"start":{"line":39,"column":4},"end":{"line":49,"column":null}},"4":{"start":{"line":56,"column":4},"end":{"line":67,"column":null}},"5":{"start":{"line":71,"column":4},"end":{"line":73,"column":null}}},"fnMap":{"0":{"name":"constructor","decl":{"start":{"line":9,"column":2},"end":{"line":9,"column":14}},"loc":{"start":{"line":9,"column":53},"end":{"line":9,"column":null}},"line":9},"1":{"name":"findAll","decl":{"start":{"line":11,"column":8},"end":{"line":11,"column":54}},"loc":{"start":{"line":11,"column":54},"end":{"line":22,"column":null}},"line":11},"2":{"name":"findOne","decl":{"start":{"line":24,"column":8},"end":{"line":24,"column":16}},"loc":{"start":{"line":24,"column":69},"end":{"line":36,"column":null}},"line":24},"3":{"name":"create","decl":{"start":{"line":38,"column":8},"end":{"line":38,"column":15}},"loc":{"start":{"line":38,"column":70},"end":{"line":50,"column":null}},"line":38},"4":{"name":"update","decl":{"start":{"line":52,"column":8},"end":{"line":52,"column":null}},"loc":{"start":{"line":55,"column":38},"end":{"line":68,"column":null}},"line":55},"5":{"name":"delete","decl":{"start":{"line":70,"column":8},"end":{"line":70,"column":15}},"loc":{"start":{"line":70,"column":42},"end":{"line":74,"column":null}},"line":70}},"branchMap":{},"s":{"0":4,"1":2,"2":9,"3":1,"4":1,"5":1},"f":{"0":4,"1":2,"2":9,"3":1,"4":1,"5":1},"b":{},"meta":{"lastBranch":0,"lastFunction":6,"lastStatement":6,"seen":{"f:9:2:9:14":0,"s:9:31:9:53":0,"f:11:8:11:54":1,"s:12:4:21:Infinity":1,"f:24:8:24:16":2,"s:25:4:35:Infinity":2,"f:38:8:38:15":3,"s:39:4:49:Infinity":3,"f:52:8:52:Infinity":4,"s:56:4:67:Infinity":4,"f:70:8:70:15":5,"s:71:4:73:Infinity":5},"fnNames":{}}}
,"C:\\Users\\hermi\\Documents\\OpenClassrooms\\Projet 4 - Testez et améliorez une application full-stack JS\\yoga-studio-manager\\backend\\src\\session\\session.service.ts": {"path":"C:\\Users\\hermi\\Documents\\OpenClassrooms\\Projet 4 - Testez et améliorez une application full-stack JS\\yoga-studio-manager\\backend\\src\\session\\session.service.ts","statementMap":{"0":{"start":{"line":16,"column":21},"end":{"line":16,"column":null}},"1":{"start":{"line":17,"column":21},"end":{"line":17,"column":null}},"2":{"start":{"line":18,"column":21},"end":{"line":18,"column":null}},"3":{"start":{"line":19,"column":21},"end":{"line":19,"column":null}},"4":{"start":{"line":23,"column":21},"end":{"line":23,"column":null}},"5":{"start":{"line":25,"column":4},"end":{"line":38,"column":null}},"6":{"start":{"line":25,"column":63},"end":{"line":38,"column":6}},"7":{"start":{"line":35,"column":58},"end":{"line":35,"column":67}},"8":{"start":{"line":42,"column":20},"end":{"line":42,"column":null}},"9":{"start":{"line":43,"column":4},"end":{"line":43,"column":null}},"10":{"start":{"line":43,"column":18},"end":{"line":43,"column":null}},"11":{"start":{"line":45,"column":4},"end":{"line":58,"column":null}},"12":{"start":{"line":55,"column":58},"end":{"line":55,"column":67}},"13":{"start":{"line":68,"column":17},"end":{"line":68,"column":null}},"14":{"start":{"line":69,"column":4},"end":{"line":69,"column":null}},"15":{"start":{"line":71,"column":20},"end":{"line":71,"column":null}},"16":{"start":{"line":72,"column":4},"end":{"line":72,"column":null}},"17":{"start":{"line":72,"column":18},"end":{"line":72,"column":null}},"18":{"start":{"line":74,"column":20},"end":{"line":79,"column":null}},"19":{"start":{"line":81,"column":4},"end":{"line":94,"column":null}},"20":{"start":{"line":105,"column":17},"end":{"line":105,"column":null}},"21":{"start":{"line":106,"column":4},"end":{"line":106,"column":null}},"22":{"start":{"line":108,"column":28},"end":{"line":108,"column":null}},"23":{"start":{"line":109,"column":4},"end":{"line":109,"column":null}},"24":{"start":{"line":109,"column":26},"end":{"line":109,"column":null}},"25":{"start":{"line":111,"column":38},"end":{"line":111,"column":null}},"26":{"start":{"line":112,"column":4},"end":{"line":112,"column":null}},"27":{"start":{"line":112,"column":14},"end":{"line":112,"column":null}},"28":{"start":{"line":113,"column":4},"end":{"line":113,"column":null}},"29":{"start":{"line":113,"column":14},"end":{"line":113,"column":null}},"30":{"start":{"line":114,"column":4},"end":{"line":114,"column":null}},"31":{"start":{"line":114,"column":21},"end":{"line":114,"column":null}},"32":{"start":{"line":116,"column":4},"end":{"line":120,"column":null}},"33":{"start":{"line":117,"column":22},"end":{"line":117,"column":null}},"34":{"start":{"line":118,"column":6},"end":{"line":118,"column":null}},"35":{"start":{"line":118,"column":20},"end":{"line":118,"column":null}},"36":{"start":{"line":119,"column":6},"end":{"line":119,"column":null}},"37":{"start":{"line":122,"column":20},"end":{"line":122,"column":null}},"38":{"start":{"line":124,"column":4},"end":{"line":137,"column":null}},"39":{"start":{"line":134,"column":58},"end":{"line":134,"column":67}},"40":{"start":{"line":141,"column":17},"end":{"line":141,"column":null}},"41":{"start":{"line":142,"column":4},"end":{"line":142,"column":null}},"42":{"start":{"line":144,"column":28},"end":{"line":144,"column":null}},"43":{"start":{"line":145,"column":4},"end":{"line":145,"column":null}},"44":{"start":{"line":145,"column":26},"end":{"line":145,"column":null}},"45":{"start":{"line":147,"column":4},"end":{"line":147,"column":null}},"46":{"start":{"line":151,"column":20},"end":{"line":151,"column":null}},"47":{"start":{"line":152,"column":4},"end":{"line":152,"column":null}},"48":{"start":{"line":152,"column":18},"end":{"line":152,"column":null}},"49":{"start":{"line":154,"column":17},"end":{"line":154,"column":null}},"50":{"start":{"line":155,"column":4},"end":{"line":155,"column":null}},"51":{"start":{"line":155,"column":15},"end":{"line":155,"column":null}},"52":{"start":{"line":157,"column":34},"end":{"line":160,"column":null}},"53":{"start":{"line":162,"column":4},"end":{"line":163,"column":null}},"54":{"start":{"line":163,"column":6},"end":{"line":163,"column":null}},"55":{"start":{"line":165,"column":4},"end":{"line":165,"column":null}},"56":{"start":{"line":169,"column":26},"end":{"line":172,"column":null}},"57":{"start":{"line":173,"column":4},"end":{"line":173,"column":null}},"58":{"start":{"line":173,"column":24},"end":{"line":173,"column":null}},"59":{"start":{"line":175,"column":4},"end":{"line":175,"column":null}}},"fnMap":{"0":{"name":"constructor","decl":{"start":{"line":15,"column":2},"end":{"line":15,"column":null}},"loc":{"start":{"line":20,"column":4},"end":{"line":20,"column":null}},"line":20},"1":{"name":"getAll","decl":{"start":{"line":22,"column":8},"end":{"line":22,"column":48}},"loc":{"start":{"line":22,"column":48},"end":{"line":39,"column":null}},"line":22},"2":{"name":"(anonymous_2)","decl":{"start":{"line":25,"column":20},"end":{"line":25,"column":25}},"loc":{"start":{"line":25,"column":63},"end":{"line":38,"column":6}},"line":25},"3":{"name":"(anonymous_3)","decl":{"start":{"line":35,"column":34},"end":{"line":35,"column":39}},"loc":{"start":{"line":35,"column":58},"end":{"line":35,"column":67}},"line":35},"4":{"name":"getById","decl":{"start":{"line":41,"column":8},"end":{"line":41,"column":16}},"loc":{"start":{"line":41,"column":57},"end":{"line":59,"column":null}},"line":41},"5":{"name":"(anonymous_5)","decl":{"start":{"line":55,"column":34},"end":{"line":55,"column":39}},"loc":{"start":{"line":55,"column":58},"end":{"line":55,"column":67}},"line":55},"6":{"name":"create","decl":{"start":{"line":61,"column":8},"end":{"line":61,"column":null}},"loc":{"start":{"line":67,"column":33},"end":{"line":95,"column":null}},"line":67},"7":{"name":"update","decl":{"start":{"line":97,"column":8},"end":{"line":97,"column":null}},"loc":{"start":{"line":104,"column":33},"end":{"line":138,"column":null}},"line":104},"8":{"name":"(anonymous_8)","decl":{"start":{"line":134,"column":34},"end":{"line":134,"column":39}},"loc":{"start":{"line":134,"column":58},"end":{"line":134,"column":67}},"line":134},"9":{"name":"delete","decl":{"start":{"line":140,"column":8},"end":{"line":140,"column":15}},"loc":{"start":{"line":140,"column":65},"end":{"line":148,"column":null}},"line":140},"10":{"name":"participate","decl":{"start":{"line":150,"column":8},"end":{"line":150,"column":20}},"loc":{"start":{"line":150,"column":70},"end":{"line":166,"column":null}},"line":150},"11":{"name":"unparticipate","decl":{"start":{"line":168,"column":8},"end":{"line":168,"column":22}},"loc":{"start":{"line":168,"column":72},"end":{"line":176,"column":null}},"line":168}},"branchMap":{"0":{"loc":{"start":{"line":43,"column":4},"end":{"line":43,"column":null}},"type":"if","locations":[{"start":{"line":43,"column":4},"end":{"line":43,"column":null}},{"start":{},"end":{}}],"line":43},"1":{"loc":{"start":{"line":72,"column":4},"end":{"line":72,"column":null}},"type":"if","locations":[{"start":{"line":72,"column":4},"end":{"line":72,"column":null}},{"start":{},"end":{}}],"line":72},"2":{"loc":{"start":{"line":109,"column":4},"end":{"line":109,"column":null}},"type":"if","locations":[{"start":{"line":109,"column":4},"end":{"line":109,"column":null}},{"start":{},"end":{}}],"line":109},"3":{"loc":{"start":{"line":112,"column":4},"end":{"line":112,"column":null}},"type":"if","locations":[{"start":{"line":112,"column":4},"end":{"line":112,"column":null}},{"start":{},"end":{}}],"line":112},"4":{"loc":{"start":{"line":113,"column":4},"end":{"line":113,"column":null}},"type":"if","locations":[{"start":{"line":113,"column":4},"end":{"line":113,"column":null}},{"start":{},"end":{}}],"line":113},"5":{"loc":{"start":{"line":114,"column":4},"end":{"line":114,"column":null}},"type":"if","locations":[{"start":{"line":114,"column":4},"end":{"line":114,"column":null}},{"start":{},"end":{}}],"line":114},"6":{"loc":{"start":{"line":116,"column":4},"end":{"line":120,"column":null}},"type":"if","locations":[{"start":{"line":116,"column":4},"end":{"line":120,"column":null}},{"start":{},"end":{}}],"line":116},"7":{"loc":{"start":{"line":118,"column":6},"end":{"line":118,"column":null}},"type":"if","locations":[{"start":{"line":118,"column":6},"end":{"line":118,"column":null}},{"start":{},"end":{}}],"line":118},"8":{"loc":{"start":{"line":145,"column":4},"end":{"line":145,"column":null}},"type":"if","locations":[{"start":{"line":145,"column":4},"end":{"line":145,"column":null}},{"start":{},"end":{}}],"line":145},"9":{"loc":{"start":{"line":152,"column":4},"end":{"line":152,"column":null}},"type":"if","locations":[{"start":{"line":152,"column":4},"end":{"line":152,"column":null}},{"start":{},"end":{}}],"line":152},"10":{"loc":{"start":{"line":155,"column":4},"end":{"line":155,"column":null}},"type":"if","locations":[{"start":{"line":155,"column":4},"end":{"line":155,"column":null}},{"start":{},"end":{}}],"line":155},"11":{"loc":{"start":{"line":162,"column":4},"end":{"line":163,"column":null}},"type":"if","locations":[{"start":{"line":162,"column":4},"end":{"line":163,"column":null}},{"start":{},"end":{}}],"line":162},"12":{"loc":{"start":{"line":173,"column":4},"end":{"line":173,"column":null}},"type":"if","locations":[{"start":{"line":173,"column":4},"end":{"line":173,"column":null}},{"start":{},"end":{}}],"line":173}},"s":{"0":25,"1":25,"2":25,"3":25,"4":4,"5":4,"6":3,"7":6,"8":4,"9":4,"10":2,"11":2,"12":4,"13":6,"14":6,"15":6,"16":3,"17":3,"18":2,"19":2,"20":7,"21":7,"22":7,"23":4,"24":4,"25":2,"26":2,"27":2,"28":2,"29":0,"30":2,"31":2,"32":2,"33":0,"34":0,"35":0,"36":0,"37":2,"38":2,"39":4,"40":7,"41":7,"42":7,"43":4,"44":4,"45":2,"46":7,"47":7,"48":2,"49":5,"50":5,"51":1,"52":4,"53":4,"54":4,"55":2,"56":4,"57":4,"58":2,"59":2},"f":{"0":25,"1":4,"2":3,"3":6,"4":4,"5":4,"6":6,"7":7,"8":4,"9":7,"10":7,"11":4},"b":{"0":[2,2],"1":[1,2],"2":[2,2],"3":[2,0],"4":[0,2],"5":[0,2],"6":[0,2],"7":[0,0],"8":[2,2],"9":[2,5],"10":[1,4],"11":[2,2],"12":[2,2]},"meta":{"lastBranch":13,"lastFunction":12,"lastStatement":60,"seen":{"f:15:2:15:Infinity":0,"s:16:21:16:Infinity":0,"s:17:21:17:Infinity":1,"s:18:21:18:Infinity":2,"s:19:21:19:Infinity":3,"f:22:8:22:48":1,"s:23:21:23:Infinity":4,"s:25:4:38:Infinity":5,"f:25:20:25:25":2,"s:25:63:38:6":6,"f:35:34:35:39":3,"s:35:58:35:67":7,"f:41:8:41:16":4,"s:42:20:42:Infinity":8,"b:43:4:43:Infinity:undefined:undefined:undefined:undefined":0,"s:43:4:43:Infinity":9,"s:43:18:43:Infinity":10,"s:45:4:58:Infinity":11,"f:55:34:55:39":5,"s:55:58:55:67":12,"f:61:8:61:Infinity":6,"s:68:17:68:Infinity":13,"s:69:4:69:Infinity":14,"s:71:20:71:Infinity":15,"b:72:4:72:Infinity:undefined:undefined:undefined:undefined":1,"s:72:4:72:Infinity":16,"s:72:18:72:Infinity":17,"s:74:20:79:Infinity":18,"s:81:4:94:Infinity":19,"f:97:8:97:Infinity":7,"s:105:17:105:Infinity":20,"s:106:4:106:Infinity":21,"s:108:28:108:Infinity":22,"b:109:4:109:Infinity:undefined:undefined:undefined:undefined":2,"s:109:4:109:Infinity":23,"s:109:26:109:Infinity":24,"s:111:38:111:Infinity":25,"b:112:4:112:Infinity:undefined:undefined:undefined:undefined":3,"s:112:4:112:Infinity":26,"s:112:14:112:Infinity":27,"b:113:4:113:Infinity:undefined:undefined:undefined:undefined":4,"s:113:4:113:Infinity":28,"s:113:14:113:Infinity":29,"b:114:4:114:Infinity:undefined:undefined:undefined:undefined":5,"s:114:4:114:Infinity":30,"s:114:21:114:Infinity":31,"b:116:4:120:Infinity:undefined:undefined:undefined:undefined":6,"s:116:4:120:Infinity":32,"s:117:22:117:Infinity":33,"b:118:6:118:Infinity:undefined:undefined:undefined:undefined":7,"s:118:6:118:Infinity":34,"s:118:20:118:Infinity":35,"s:119:6:119:Infinity":36,"s:122:20:122:Infinity":37,"s:124:4:137:Infinity":38,"f:134:34:134:39":8,"s:134:58:134:67":39,"f:140:8:140:15":9,"s:141:17:141:Infinity":40,"s:142:4:142:Infinity":41,"s:144:28:144:Infinity":42,"b:145:4:145:Infinity:undefined:undefined:undefined:undefined":8,"s:145:4:145:Infinity":43,"s:145:26:145:Infinity":44,"s:147:4:147:Infinity":45,"f:150:8:150:20":10,"s:151:20:151:Infinity":46,"b:152:4:152:Infinity:undefined:undefined:undefined:undefined":9,"s:152:4:152:Infinity":47,"s:152:18:152:Infinity":48,"s:154:17:154:Infinity":49,"b:155:4:155:Infinity:undefined:undefined:undefined:undefined":10,"s:155:4:155:Infinity":50,"s:155:15:155:Infinity":51,"s:157:34:160:Infinity":52,"b:162:4:163:Infinity:undefined:undefined:undefined:undefined":11,"s:162:4:163:Infinity":53,"s:163:6:163:Infinity":54,"s:165:4:165:Infinity":55,"f:168:8:168:22":11,"s:169:26:172:Infinity":56,"b:173:4:173:Infinity:undefined:undefined:undefined:undefined":12,"s:173:4:173:Infinity":57,"s:173:24:173:Infinity":58,"s:175:4:175:Infinity":59},"fnNames":{}}}
,"C:\\Users\\hermi\\Documents\\OpenClassrooms\\Projet 4 - Testez et améliorez une application full-stack JS\\yoga-studio-manager\\backend\\src\\teacher\\teacher.controller.ts": {"path":"C:\\Users\\hermi\\Documents\\OpenClassrooms\\Projet 4 - Testez et améliorez une application full-stack JS\\yoga-studio-manager\\backend\\src\\teacher\\teacher.controller.ts","statementMap":{"0":{"start":{"line":8,"column":31},"end":{"line":8,"column":63}},"1":{"start":{"line":11,"column":21},"end":{"line":11,"column":null}},"2":{"start":{"line":12,"column":4},"end":{"line":12,"column":null}},"3":{"start":{"line":16,"column":12},"end":{"line":16,"column":null}},"4":{"start":{"line":17,"column":21},"end":{"line":17,"column":null}},"5":{"start":{"line":18,"column":4},"end":{"line":18,"column":null}}},"fnMap":{"0":{"name":"constructor","decl":{"start":{"line":8,"column":2},"end":{"line":8,"column":14}},"loc":{"start":{"line":8,"column":63},"end":{"line":8,"column":null}},"line":8},"1":{"name":"getAll","decl":{"start":{"line":10,"column":8},"end":{"line":10,"column":15}},"loc":{"start":{"line":10,"column":72},"end":{"line":13,"column":null}},"line":10},"2":{"name":"getById","decl":{"start":{"line":15,"column":8},"end":{"line":15,"column":16}},"loc":{"start":{"line":15,"column":73},"end":{"line":19,"column":null}},"line":15}},"branchMap":{},"s":{"0":4,"1":2,"2":2,"3":2,"4":2,"5":1},"f":{"0":4,"1":2,"2":2},"b":{},"meta":{"lastBranch":0,"lastFunction":3,"lastStatement":6,"seen":{"f:8:2:8:14":0,"s:8:31:8:63":0,"f:10:8:10:15":1,"s:11:21:11:Infinity":1,"s:12:4:12:Infinity":2,"f:15:8:15:16":2,"s:16:12:16:Infinity":3,"s:17:21:17:Infinity":4,"s:18:4:18:Infinity":5},"fnNames":{}}}
,"C:\\Users\\hermi\\Documents\\OpenClassrooms\\Projet 4 - Testez et améliorez une application full-stack JS\\yoga-studio-manager\\backend\\src\\teacher\\teacher.repository.ts": {"path":"C:\\Users\\hermi\\Documents\\OpenClassrooms\\Projet 4 - Testez et améliorez une application full-stack JS\\yoga-studio-manager\\backend\\src\\teacher\\teacher.repository.ts","statementMap":{"0":{"start":{"line":4,"column":31},"end":{"line":4,"column":53}},"1":{"start":{"line":7,"column":4},"end":{"line":9,"column":null}},"2":{"start":{"line":13,"column":4},"end":{"line":17,"column":null}}},"fnMap":{"0":{"name":"constructor","decl":{"start":{"line":4,"column":2},"end":{"line":4,"column":14}},"loc":{"start":{"line":4,"column":53},"end":{"line":4,"column":null}},"line":4},"1":{"name":"findOne","decl":{"start":{"line":6,"column":8},"end":{"line":6,"column":16}},"loc":{"start":{"line":6,"column":28},"end":{"line":10,"column":null}},"line":6},"2":{"name":"findAll","decl":{"start":{"line":12,"column":8},"end":{"line":12,"column":18}},"loc":{"start":{"line":12,"column":18},"end":{"line":18,"column":null}},"line":12}},"branchMap":{},"s":{"0":4,"1":4,"2":2},"f":{"0":4,"1":4,"2":2},"b":{},"meta":{"lastBranch":0,"lastFunction":3,"lastStatement":3,"seen":{"f:4:2:4:14":0,"s:4:31:4:53":0,"f:6:8:6:16":1,"s:7:4:9:Infinity":1,"f:12:8:12:18":2,"s:13:4:17:Infinity":2},"fnNames":{}}}
,"C:\\Users\\hermi\\Documents\\OpenClassrooms\\Projet 4 - Testez et améliorez une application full-stack JS\\yoga-studio-manager\\backend\\src\\teacher\\teacher.service.ts": {"path":"C:\\Users\\hermi\\Documents\\OpenClassrooms\\Projet 4 - Testez et améliorez une application full-stack JS\\yoga-studio-manager\\backend\\src\\teacher\\teacher.service.ts","statementMap":{"0":{"start":{"line":6,"column":31},"end":{"line":6,"column":69}},"1":{"start":{"line":9,"column":21},"end":{"line":9,"column":null}},"2":{"start":{"line":11,"column":4},"end":{"line":17,"column":null}},"3":{"start":{"line":11,"column":47},"end":{"line":17,"column":6}},"4":{"start":{"line":21,"column":20},"end":{"line":21,"column":null}},"5":{"start":{"line":22,"column":4},"end":{"line":22,"column":null}},"6":{"start":{"line":22,"column":18},"end":{"line":22,"column":null}},"7":{"start":{"line":24,"column":4},"end":{"line":30,"column":null}}},"fnMap":{"0":{"name":"constructor","decl":{"start":{"line":6,"column":2},"end":{"line":6,"column":14}},"loc":{"start":{"line":6,"column":69},"end":{"line":6,"column":null}},"line":6},"1":{"name":"getAll","decl":{"start":{"line":8,"column":8},"end":{"line":8,"column":37}},"loc":{"start":{"line":8,"column":37},"end":{"line":18,"column":null}},"line":8},"2":{"name":"(anonymous_2)","decl":{"start":{"line":11,"column":20},"end":{"line":11,"column":25}},"loc":{"start":{"line":11,"column":47},"end":{"line":17,"column":6}},"line":11},"3":{"name":"getById","decl":{"start":{"line":20,"column":8},"end":{"line":20,"column":16}},"loc":{"start":{"line":20,"column":46},"end":{"line":31,"column":null}},"line":20}},"branchMap":{"0":{"loc":{"start":{"line":22,"column":4},"end":{"line":22,"column":null}},"type":"if","locations":[{"start":{"line":22,"column":4},"end":{"line":22,"column":null}},{"start":{},"end":{}}],"line":22}},"s":{"0":8,"1":4,"2":4,"3":6,"4":4,"5":4,"6":2,"7":2},"f":{"0":8,"1":4,"2":6,"3":4},"b":{"0":[2,2]},"meta":{"lastBranch":1,"lastFunction":4,"lastStatement":8,"seen":{"f:6:2:6:14":0,"s:6:31:6:69":0,"f:8:8:8:37":1,"s:9:21:9:Infinity":1,"s:11:4:17:Infinity":2,"f:11:20:11:25":2,"s:11:47:17:6":3,"f:20:8:20:16":3,"s:21:20:21:Infinity":4,"b:22:4:22:Infinity:undefined:undefined:undefined:undefined":0,"s:22:4:22:Infinity":5,"s:22:18:22:Infinity":6,"s:24:4:30:Infinity":7},"fnNames":{}}}
,"C:\\Users\\hermi\\Documents\\OpenClassrooms\\Projet 4 - Testez et améliorez une application full-stack JS\\yoga-studio-manager\\backend\\src\\user\\user.controller.ts": {"path":"C:\\Users\\hermi\\Documents\\OpenClassrooms\\Projet 4 - Testez et améliorez une application full-stack JS\\yoga-studio-manager\\backend\\src\\user\\user.controller.ts","statementMap":{"0":{"start":{"line":8,"column":15},"end":{"line":8,"column":null}},"1":{"start":{"line":11,"column":31},"end":{"line":11,"column":57}},"2":{"start":{"line":14,"column":12},"end":{"line":14,"column":null}},"3":{"start":{"line":15,"column":21},"end":{"line":15,"column":null}},"4":{"start":{"line":16,"column":4},"end":{"line":16,"column":null}},"5":{"start":{"line":20,"column":12},"end":{"line":20,"column":null}},"6":{"start":{"line":21,"column":4},"end":{"line":21,"column":null}},"7":{"start":{"line":22,"column":4},"end":{"line":22,"column":null}},"8":{"start":{"line":29,"column":21},"end":{"line":29,"column":null}},"9":{"start":{"line":30,"column":4},"end":{"line":30,"column":null}}},"fnMap":{"0":{"name":"constructor","decl":{"start":{"line":11,"column":2},"end":{"line":11,"column":14}},"loc":{"start":{"line":11,"column":57},"end":{"line":11,"column":null}},"line":11},"1":{"name":"getById","decl":{"start":{"line":13,"column":8},"end":{"line":13,"column":16}},"loc":{"start":{"line":13,"column":73},"end":{"line":17,"column":null}},"line":13},"2":{"name":"delete","decl":{"start":{"line":19,"column":8},"end":{"line":19,"column":15}},"loc":{"start":{"line":19,"column":72},"end":{"line":23,"column":null}},"line":19},"3":{"name":"promoteSelfToAdmin","decl":{"start":{"line":25,"column":8},"end":{"line":25,"column":null}},"loc":{"start":{"line":28,"column":19},"end":{"line":31,"column":null}},"line":28}},"branchMap":{},"s":{"0":4,"1":4,"2":2,"3":2,"4":1,"5":2,"6":2,"7":1,"8":2,"9":2},"f":{"0":4,"1":2,"2":2,"3":2},"b":{},"meta":{"lastBranch":0,"lastFunction":4,"lastStatement":10,"seen":{"s:8:15:8:Infinity":0,"f:11:2:11:14":0,"s:11:31:11:57":1,"f:13:8:13:16":1,"s:14:12:14:Infinity":2,"s:15:21:15:Infinity":3,"s:16:4:16:Infinity":4,"f:19:8:19:15":2,"s:20:12:20:Infinity":5,"s:21:4:21:Infinity":6,"s:22:4:22:Infinity":7,"f:25:8:25:Infinity":3,"s:29:21:29:Infinity":8,"s:30:4:30:Infinity":9},"fnNames":{}}}
,"C:\\Users\\hermi\\Documents\\OpenClassrooms\\Projet 4 - Testez et améliorez une application full-stack JS\\yoga-studio-manager\\backend\\src\\user\\user.repository.ts": {"path":"C:\\Users\\hermi\\Documents\\OpenClassrooms\\Projet 4 - Testez et améliorez une application full-stack JS\\yoga-studio-manager\\backend\\src\\user\\user.repository.ts","statementMap":{"0":{"start":{"line":5,"column":31},"end":{"line":5,"column":53}},"1":{"start":{"line":8,"column":4},"end":{"line":8,"column":null}},"2":{"start":{"line":12,"column":4},"end":{"line":12,"column":null}},"3":{"start":{"line":16,"column":4},"end":{"line":16,"column":null}},"4":{"start":{"line":20,"column":4},"end":{"line":23,"column":null}},"5":{"start":{"line":27,"column":4},"end":{"line":27,"column":null}}},"fnMap":{"0":{"name":"constructor","decl":{"start":{"line":5,"column":2},"end":{"line":5,"column":14}},"loc":{"start":{"line":5,"column":53},"end":{"line":5,"column":null}},"line":5},"1":{"name":"findOne","decl":{"start":{"line":7,"column":8},"end":{"line":7,"column":16}},"loc":{"start":{"line":7,"column":50},"end":{"line":9,"column":null}},"line":7},"2":{"name":"findOneByEmail","decl":{"start":{"line":11,"column":8},"end":{"line":11,"column":23}},"loc":{"start":{"line":11,"column":60},"end":{"line":13,"column":null}},"line":11},"3":{"name":"create","decl":{"start":{"line":15,"column":8},"end":{"line":15,"column":15}},"loc":{"start":{"line":15,"column":48},"end":{"line":17,"column":null}},"line":15},"4":{"name":"update","decl":{"start":{"line":19,"column":8},"end":{"line":19,"column":15}},"loc":{"start":{"line":19,"column":42},"end":{"line":24,"column":null}},"line":19},"5":{"name":"delete","decl":{"start":{"line":26,"column":8},"end":{"line":26,"column":15}},"loc":{"start":{"line":26,"column":42},"end":{"line":28,"column":null}},"line":26}},"branchMap":{},"s":{"0":4,"1":16,"2":5,"3":1,"4":1,"5":1},"f":{"0":4,"1":16,"2":5,"3":1,"4":1,"5":1},"b":{},"meta":{"lastBranch":0,"lastFunction":6,"lastStatement":6,"seen":{"f:5:2:5:14":0,"s:5:31:5:53":0,"f:7:8:7:16":1,"s:8:4:8:Infinity":1,"f:11:8:11:23":2,"s:12:4:12:Infinity":2,"f:15:8:15:15":3,"s:16:4:16:Infinity":3,"f:19:8:19:15":4,"s:20:4:23:Infinity":4,"f:26:8:26:15":5,"s:27:4:27:Infinity":5},"fnNames":{}}}
,"C:\\Users\\hermi\\Documents\\OpenClassrooms\\Projet 4 - Testez et améliorez une application full-stack JS\\yoga-studio-manager\\backend\\src\\user\\user.service.ts": {"path":"C:\\Users\\hermi\\Documents\\OpenClassrooms\\Projet 4 - Testez et améliorez une application full-stack JS\\yoga-studio-manager\\backend\\src\\user\\user.service.ts","statementMap":{"0":{"start":{"line":7,"column":31},"end":{"line":7,"column":63}},"1":{"start":{"line":10,"column":4},"end":{"line":18,"column":null}},"2":{"start":{"line":22,"column":17},"end":{"line":22,"column":null}},"3":{"start":{"line":23,"column":4},"end":{"line":23,"column":null}},"4":{"start":{"line":23,"column":15},"end":{"line":23,"column":null}},"5":{"start":{"line":25,"column":4},"end":{"line":25,"column":null}},"6":{"start":{"line":29,"column":4},"end":{"line":30,"column":null}},"7":{"start":{"line":30,"column":6},"end":{"line":30,"column":null}},"8":{"start":{"line":32,"column":17},"end":{"line":32,"column":null}},"9":{"start":{"line":33,"column":4},"end":{"line":33,"column":null}},"10":{"start":{"line":33,"column":15},"end":{"line":33,"column":null}},"11":{"start":{"line":35,"column":4},"end":{"line":35,"column":null}},"12":{"start":{"line":39,"column":10},"end":{"line":39,"column":null}},"13":{"start":{"line":40,"column":4},"end":{"line":43,"column":null}},"14":{"start":{"line":41,"column":6},"end":{"line":43,"column":null}},"15":{"start":{"line":45,"column":17},"end":{"line":45,"column":null}},"16":{"start":{"line":46,"column":4},"end":{"line":46,"column":null}},"17":{"start":{"line":46,"column":15},"end":{"line":46,"column":null}},"18":{"start":{"line":47,"column":19},"end":{"line":47,"column":null}},"19":{"start":{"line":49,"column":4},"end":{"line":52,"column":null}},"20":{"start":{"line":50,"column":26},"end":{"line":50,"column":null}},"21":{"start":{"line":51,"column":6},"end":{"line":51,"column":null}},"22":{"start":{"line":54,"column":4},"end":{"line":54,"column":null}}},"fnMap":{"0":{"name":"constructor","decl":{"start":{"line":7,"column":2},"end":{"line":7,"column":14}},"loc":{"start":{"line":7,"column":63},"end":{"line":7,"column":null}},"line":7},"1":{"name":"toUserResponse","decl":{"start":{"line":9,"column":2},"end":{"line":9,"column":25}},"loc":{"start":{"line":9,"column":54},"end":{"line":19,"column":null}},"line":9},"2":{"name":"getById","decl":{"start":{"line":21,"column":8},"end":{"line":21,"column":16}},"loc":{"start":{"line":21,"column":54},"end":{"line":26,"column":null}},"line":21},"3":{"name":"delete","decl":{"start":{"line":28,"column":8},"end":{"line":28,"column":15}},"loc":{"start":{"line":28,"column":58},"end":{"line":36,"column":null}},"line":28},"4":{"name":"promoteSelfToAdmin","decl":{"start":{"line":38,"column":8},"end":{"line":38,"column":27}},"loc":{"start":{"line":38,"column":69},"end":{"line":55,"column":null}},"line":38}},"branchMap":{"0":{"loc":{"start":{"line":23,"column":4},"end":{"line":23,"column":null}},"type":"if","locations":[{"start":{"line":23,"column":4},"end":{"line":23,"column":null}},{"start":{},"end":{}}],"line":23},"1":{"loc":{"start":{"line":29,"column":4},"end":{"line":30,"column":null}},"type":"if","locations":[{"start":{"line":29,"column":4},"end":{"line":30,"column":null}},{"start":{},"end":{}}],"line":29},"2":{"loc":{"start":{"line":33,"column":4},"end":{"line":33,"column":null}},"type":"if","locations":[{"start":{"line":33,"column":4},"end":{"line":33,"column":null}},{"start":{},"end":{}}],"line":33},"3":{"loc":{"start":{"line":39,"column":10},"end":{"line":39,"column":62}},"type":"binary-expr","locations":[{"start":{"line":39,"column":10},"end":{"line":39,"column":43}},{"start":{"line":39,"column":43},"end":{"line":39,"column":62}}],"line":39},"4":{"loc":{"start":{"line":40,"column":4},"end":{"line":43,"column":null}},"type":"if","locations":[{"start":{"line":40,"column":4},"end":{"line":43,"column":null}},{"start":{},"end":{}}],"line":40},"5":{"loc":{"start":{"line":46,"column":4},"end":{"line":46,"column":null}},"type":"if","locations":[{"start":{"line":46,"column":4},"end":{"line":46,"column":null}},{"start":{},"end":{}}],"line":46},"6":{"loc":{"start":{"line":49,"column":4},"end":{"line":52,"column":null}},"type":"if","locations":[{"start":{"line":49,"column":4},"end":{"line":52,"column":null}},{"start":{},"end":{}}],"line":49}},"s":{"0":13,"1":6,"2":4,"3":4,"4":2,"5":2,"6":5,"7":2,"8":3,"9":3,"10":1,"11":2,"12":6,"13":6,"14":1,"15":5,"16":5,"17":1,"18":4,"19":4,"20":2,"21":2,"22":4},"f":{"0":13,"1":6,"2":4,"3":5,"4":6},"b":{"0":[2,2],"1":[2,3],"2":[1,2],"3":[6,0],"4":[1,5],"5":[1,4],"6":[2,2]},"meta":{"lastBranch":7,"lastFunction":5,"lastStatement":23,"seen":{"f:7:2:7:14":0,"s:7:31:7:63":0,"f:9:2:9:25":1,"s:10:4:18:Infinity":1,"f:21:8:21:16":2,"s:22:17:22:Infinity":2,"b:23:4:23:Infinity:undefined:undefined:undefined:undefined":0,"s:23:4:23:Infinity":3,"s:23:15:23:Infinity":4,"s:25:4:25:Infinity":5,"f:28:8:28:15":3,"b:29:4:30:Infinity:undefined:undefined:undefined:undefined":1,"s:29:4:30:Infinity":6,"s:30:6:30:Infinity":7,"s:32:17:32:Infinity":8,"b:33:4:33:Infinity:undefined:undefined:undefined:undefined":2,"s:33:4:33:Infinity":9,"s:33:15:33:Infinity":10,"s:35:4:35:Infinity":11,"f:38:8:38:27":4,"s:39:10:39:Infinity":12,"b:39:10:39:43:39:43:39:62":3,"b:40:4:43:Infinity:undefined:undefined:undefined:undefined":4,"s:40:4:43:Infinity":13,"s:41:6:43:Infinity":14,"s:45:17:45:Infinity":15,"b:46:4:46:Infinity:undefined:undefined:undefined:undefined":5,"s:46:4:46:Infinity":16,"s:46:15:46:Infinity":17,"s:47:19:47:Infinity":18,"b:49:4:52:Infinity:undefined:undefined:undefined:undefined":6,"s:49:4:52:Infinity":19,"s:50:26:50:Infinity":20,"s:51:6:51:Infinity":21,"s:54:4:54:Infinity":22},"fnNames":{}}}
,"C:\\Users\\hermi\\Documents\\OpenClassrooms\\Projet 4 - Testez et améliorez une application full-stack JS\\yoga-studio-manager\\backend\\tests\\fixtures\\auth.fixture.ts": {"path":"C:\\Users\\hermi\\Documents\\OpenClassrooms\\Projet 4 - Testez et améliorez une application full-stack JS\\yoga-studio-manager\\backend\\tests\\fixtures\\auth.fixture.ts","statementMap":{"0":{"start":{"line":3,"column":49},"end":{"line":10,"column":null}}},"fnMap":{},"branchMap":{},"s":{"0":1},"f":{},"b":{},"meta":{"lastBranch":0,"lastFunction":0,"lastStatement":1,"seen":{"s:3:49:10:Infinity":0},"fnNames":{}}}
,"C:\\Users\\hermi\\Documents\\OpenClassrooms\\Projet 4 - Testez et améliorez une application full-stack JS\\yoga-studio-manager\\backend\\tests\\fixtures\\participation.fixture.ts": {"path":"C:\\Users\\hermi\\Documents\\OpenClassrooms\\Projet 4 - Testez et améliorez une application full-stack JS\\yoga-studio-manager\\backend\\tests\\fixtures\\participation.fixture.ts","statementMap":{"0":{"start":{"line":4,"column":33},"end":{"line":7,"column":null}}},"fnMap":{},"branchMap":{},"s":{"0":1},"f":{},"b":{},"meta":{"lastBranch":0,"lastFunction":0,"lastStatement":1,"seen":{"s:4:33:7:Infinity":0},"fnNames":{}}}
,"C:\\Users\\hermi\\Documents\\OpenClassrooms\\Projet 4 - Testez et améliorez une application full-stack JS\\yoga-studio-manager\\backend\\tests\\fixtures\\session.fixture.ts": {"path":"C:\\Users\\hermi\\Documents\\OpenClassrooms\\Projet 4 - Testez et améliorez une application full-stack JS\\yoga-studio-manager\\backend\\tests\\fixtures\\session.fixture.ts","statementMap":{"0":{"start":{"line":3,"column":27},"end":{"line":49,"column":null}},"1":{"start":{"line":51,"column":28},"end":{"line":146,"column":null}}},"fnMap":{},"branchMap":{},"s":{"0":2,"1":2},"f":{},"b":{},"meta":{"lastBranch":0,"lastFunction":0,"lastStatement":2,"seen":{"s:3:27:49:Infinity":0,"s:51:28:146:Infinity":1},"fnNames":{}}}
,"C:\\Users\\hermi\\Documents\\OpenClassrooms\\Projet 4 - Testez et améliorez une application full-stack JS\\yoga-studio-manager\\backend\\tests\\fixtures\\teacher.fixture.ts": {"path":"C:\\Users\\hermi\\Documents\\OpenClassrooms\\Projet 4 - Testez et améliorez une application full-stack JS\\yoga-studio-manager\\backend\\tests\\fixtures\\teacher.fixture.ts","statementMap":{"0":{"start":{"line":3,"column":36},"end":{"line":9,"column":null}},"1":{"start":{"line":11,"column":39},"end":{"line":33,"column":null}}},"fnMap":{},"branchMap":{},"s":{"0":3,"1":3},"f":{},"b":{},"meta":{"lastBranch":0,"lastFunction":0,"lastStatement":2,"seen":{"s:3:36:9:Infinity":0,"s:11:39:33:Infinity":1},"fnNames":{}}}
,"C:\\Users\\hermi\\Documents\\OpenClassrooms\\Projet 4 - Testez et améliorez une application full-stack JS\\yoga-studio-manager\\backend\\tests\\fixtures\\user.fixture.ts": {"path":"C:\\Users\\hermi\\Documents\\OpenClassrooms\\Projet 4 - Testez et améliorez une application full-stack JS\\yoga-studio-manager\\backend\\tests\\fixtures\\user.fixture.ts","statementMap":{"0":{"start":{"line":3,"column":30},"end":{"line":12,"column":null}},"1":{"start":{"line":14,"column":35},"end":{"line":18,"column":null}}},"fnMap":{},"branchMap":{},"s":{"0":8,"1":8},"f":{},"b":{},"meta":{"lastBranch":0,"lastFunction":0,"lastStatement":2,"seen":{"s:3:30:12:Infinity":0,"s:14:35:18:Infinity":1},"fnNames":{}}}
}
